<?xml version="1.0" encoding="UTF-8"?>
<testng-results ignored="0" total="2" passed="2" failed="0" skipped="0">
  <reporter-output>
  </reporter-output>
  <suite started-at="2025-03-19T12:08:49 IST" name="SauceDemoSuite" finished-at="2025-03-19T12:08:53 IST" duration-ms="4276">
    <groups>
    </groups>
    <test started-at="2025-03-19T12:08:49 IST" name="LoginTest" finished-at="2025-03-19T12:08:53 IST" duration-ms="4276">
      <class name="com.saucedemo.tests.HomeTest">
        <test-method is-config="true" signature="setup()[pri:0, instance:com.saucedemo.tests.HomeTest@1bb5a082]" started-at="2025-03-19T12:08:51 IST" name="setup" finished-at="2025-03-19T12:08:53 IST" duration-ms="1393" status="PASS">
          <reporter-output>
          </reporter-output>
        </test-method> <!-- setup -->
        <test-method signature="homeTest()[pri:0, instance:com.saucedemo.tests.HomeTest@1bb5a082]" started-at="2025-03-19T12:08:53 IST" name="homeTest" finished-at="2025-03-19T12:08:53 IST" duration-ms="41" status="PASS">
          <reporter-output>
          </reporter-output>
        </test-method> <!-- homeTest -->
        <test-method is-config="true" signature="teardown()[pri:0, instance:com.saucedemo.tests.HomeTest@1bb5a082]" started-at="2025-03-19T12:08:53 IST" name="teardown" finished-at="2025-03-19T12:08:53 IST" duration-ms="139" status="PASS">
          <reporter-output>
          </reporter-output>
        </test-method> <!-- teardown -->
      </class> <!-- com.saucedemo.tests.HomeTest -->
      <class name="com.saucedemo.tests.LoginTest">
        <test-method is-config="true" signature="setup()[pri:0, instance:com.saucedemo.tests.LoginTest@77888435]" started-at="2025-03-19T12:08:49 IST" name="setup" finished-at="2025-03-19T12:08:51 IST" duration-ms="2040" status="PASS">
          <reporter-output>
          </reporter-output>
        </test-method> <!-- setup -->
        <test-method signature="loginTest()[pri:0, instance:com.saucedemo.tests.LoginTest@77888435]" started-at="2025-03-19T12:08:51 IST" name="loginTest" finished-at="2025-03-19T12:08:51 IST" duration-ms="286" status="PASS">
          <reporter-output>
          </reporter-output>
        </test-method> <!-- loginTest -->
        <test-method is-config="true" signature="teardown()[pri:0, instance:com.saucedemo.tests.LoginTest@77888435]" started-at="2025-03-19T12:08:51 IST" name="teardown" finished-at="2025-03-19T12:08:51 IST" duration-ms="340" status="PASS">
          <reporter-output>
          </reporter-output>
        </test-method> <!-- teardown -->
      </class> <!-- com.saucedemo.tests.LoginTest -->
    </test> <!-- LoginTest -->
  </suite> <!-- SauceDemoSuite -->
</testng-results>
